Android1/homework02-05/app/build/intermediates/manifest_merge_blame_file/debug/manifest-merger-blame-debug-report.txt
1<?xml version="1.0" encoding="utf-8"?>
2<manifest xmlns:android="http://schemas.android.com/apk/res/android"
3    package="com.hw.homework02"
4    android:versionCode="1"
5    android:versionName="1.0" >
6
7    <uses-sdk
8        android:minSdkVersion="23"
8-->src\main\AndroidManifest.xml
9        android:targetSdkVersion="30" />
9-->src\main\AndroidManifest.xml
10
11    <application
11-->src\main\AndroidManifest.xml:6:5-29:19
12        android:allowBackup="true"
12-->src\main\AndroidManifest.xml:7:9-35
13        android:appComponentFactory="androidx.core.app.CoreComponentFactory"
13-->[androidx.core:core:1.3.1] AndroidManifest.xml:24:18-86
14        android:debuggable="true"
15        android:extractNativeLibs="false"
16        android:icon="@mipmap/ic_launcher"
16-->src\main\AndroidManifest.xml:8:9-43
17        android:label="@string/app_name"
17-->src\main\AndroidManifest.xml:9:9-41
18        android:roundIcon="@mipmap/ic_launcher_round"
18-->src\main\AndroidManifest.xml:10:9-54
19        android:supportsRtl="true"
19-->src\main\AndroidManifest.xml:11:9-35
20        android:testOnly="true" >
21        <activity android:name="com.hw.homework02.MainActivity" >
21-->src\main\AndroidManifest.xml:13:9-27:20
21-->src\main\AndroidManifest.xml:13:19-47
22            <intent-filter>
22-->src\main\AndroidManifest.xml:14:13-17:29
23                <action android:name="android.intent.action.MAIN" />
23-->src\main\AndroidManifest.xml:15:17-69
23-->src\main\AndroidManifest.xml:15:25-66
24
25                <category android:name="android.intent.category.LAUNCHER" />
25-->src\main\AndroidManifest.xml:16:17-77
25-->src\main\AndroidManifest.xml:16:27-74
26            </intent-filter>
27            <intent-filter android:label="com.hw.homework02.MainActivity" >
27-->src\main\AndroidManifest.xml:18:13-25:29
27-->src\main\AndroidManifest.xml:18:28-74
28                <action android:name="android.intent.action.VIEW" />
28-->src\main\AndroidManifest.xml:19:17-69
28-->src\main\AndroidManifest.xml:19:25-66
29
30                <category android:name="android.intent.category.DEFAULT" />
30-->src\main\AndroidManifest.xml:20:17-76
30-->src\main\AndroidManifest.xml:20:27-73
31                <category android:name="android.intent.category.BROWSABLE" />
31-->src\main\AndroidManifest.xml:21:17-78
31-->src\main\AndroidManifest.xml:21:27-75
32                <!-- Принимаем URI с началом "example://intent" -->
33                <data
33-->src\main\AndroidManifest.xml:23:17-24:45
34                    android:host="intent"
34-->src\main\AndroidManifest.xml:24:21-42
35                    android:scheme="example" />
35-->src\main\AndroidManifest.xml:23:23-47
36            </intent-filter>
37        </activity>
38        <activity android:name="com.hw.homework02.SettingsActivity" />
38-->src\main\AndroidManifest.xml:28:9-53
38-->src\main\AndroidManifest.xml:28:19-51
39    </application>
40
41</manifest>